<?xml version="1.0" encoding="UTF-8"?>
<!-- Generated by org.testng.reporters.JUnitXMLReporter -->
<testsuite ignored="0" hostname="DESKTOP-OP86SSF" failures="3" tests="24" name="Test" time="252.17" errors="0" timestamp="2023-12-05T16:24:19 IST">
  <testcase classname="testCases.Cart_Page_Test" name="ProductpresentincartTest" time="0.445"/>
  <testcase classname="testCases.Cart_Page_Test" name="RemoveProductfromCartTest" time="3.536"/>
  <testcase classname="testCases.Cart_Page_Test" name="Verify3linesTest" time="0.221"/>
  <testcase classname="testCases.Cart_Page_Test" name="VerifyCheckoutbuttonTest" time="0.524"/>
  <testcase classname="testCases.Cart_Page_Test" name="VerifyContinueShoppingbuttonTest" time="0.535"/>
  <testcase classname="testCases.Cart_Page_Test" name="VerifyDiscriptionTest" time="0.225"/>
  <testcase classname="testCases.Cart_Page_Test" name="VerifyQuantityTest" time="3.261"/>
  <testcase classname="testCases.Cart_Page_Test" name="verifyFacebooklogoTest" time="0.081"/>
  <testcase classname="testCases.Cart_Page_Test" name="verifyLinkdeinlogoTest" time="0.092"/>
  <testcase classname="testCases.Cart_Page_Test" name="verifyTwitterlogoTest" time="0.08"/>
  <testcase classname="testCases.Cart_Page_Test" name="verifyYourCarttextTest" time="0.219">
    <failure type="java.lang.AssertionError" message="expected [Your Cart] but found [Your Car]">
      <![CDATA[java.lang.AssertionError: expected [Your Cart] but found [Your Car]
at testCases.Cart_Page_Test.verifyYourCarttextTest(Cart_Page_Test.java:53)
at java.base/java.util.ArrayList.forEach(ArrayList.java:1511)
... Removed 33 stack frames]]>
    </failure>
  </testcase> <!-- verifyYourCarttextTest -->
  <testcase classname="testCases.Cart_Page_Test" name="verifycarticonTest" time="3.191"/>
  <testcase classname="testCases.Cart_Page_Test" name="verifyfootertextTest" time="0.064"/>
  <testcase classname="testCases.Cart_Page_Test" name="verifyproductaddedintoCartTest" time="3.485"/>
  <testcase classname="testCases.LoginPageTest" name="loginToApplicationTest" time="0.705"/>
  <testcase classname="testCases.LoginPageTest" name="verifyURlofApplication" time="0.014"/>
  <testcase classname="testCases.LoginPageTest" name="verifytitleofApplicationTest" time="0.015">
    <failure type="java.lang.AssertionError" message="expected [Swag Lab] but found [Swag Labs]">
      <![CDATA[java.lang.AssertionError: expected [Swag Lab] but found [Swag Labs]
at testCases.LoginPageTest.verifytitleofApplicationTest(LoginPageTest.java:27)
at java.base/java.util.ArrayList.forEach(ArrayList.java:1511)
... Removed 33 stack frames]]>
    </failure>
  </testcase> <!-- verifytitleofApplicationTest -->
  <testcase classname="testCases.Inventory_page_2_Test" name="Verify3linesTest" time="0.24"/>
  <testcase classname="testCases.Inventory_page_2_Test" name="add6productsTest" time="1.031"/>
  <testcase classname="testCases.Inventory_page_2_Test" name="verifyFacebooklogoTest" time="0.08"/>
  <testcase classname="testCases.Inventory_page_2_Test" name="verifyLinkdeinlogoTest" time="0.065"/>
  <testcase classname="testCases.Inventory_page_2_Test" name="verifyfootertextTest" time="0.061"/>
  <testcase classname="testCases.Inventory_page_2_Test" name="verifyproductslabelTest" time="0.08">
    <failure type="java.lang.AssertionError" message="expected [Products] but found [Product]">
      <![CDATA[java.lang.AssertionError: expected [Products] but found [Product]
at testCases.Inventory_page_2_Test.verifyproductslabelTest(Inventory_page_2_Test.java:33)
at java.base/java.util.ArrayList.forEach(ArrayList.java:1511)
... Removed 33 stack frames]]>
    </failure>
  </testcase> <!-- verifyproductslabelTest -->
  <testcase classname="testCases.Inventory_page_2_Test" name="verifytwitterlogoTest" time="0.067"/>
</testsuite> <!-- Test -->
